<?xml version="1.0" encoding="UTF-8"?>
<testng-results ignored="0" total="2" passed="2" failed="0" skipped="0">
  <reporter-output>
  </reporter-output>
  <suite started-at="2024-03-27T02:48:47Z" name="Default suite" finished-at="2024-03-27T02:49:22Z" duration-ms="35947">
    <groups>
      <group name="cucumber">
        <method signature="AbstractTestNGCucumberTests.runScenario(cucumber.api.testng.PickleEventWrapper, cucumber.api.testng.CucumberFeatureWrapper)[pri:0, instance:test.Cucumber.Runner@645aa696]" name="runScenario" class="cucumber.api.testng.AbstractTestNGCucumberTests"/>
      </group> <!-- cucumber -->
    </groups>
    <test started-at="2024-03-27T02:48:47Z" name="Default test" finished-at="2024-03-27T02:49:22Z" duration-ms="35947">
      <class name="test.Cucumber.Runner">
        <test-method is-config="true" signature="setUpClass()[pri:0, instance:test.Cucumber.Runner@645aa696]" started-at="2024-03-27T09:48:47Z" name="setUpClass" finished-at="2024-03-27T09:48:47Z" duration-ms="326" status="PASS">
          <reporter-output>
          </reporter-output>
        </test-method> <!-- setUpClass -->
        <test-method signature="runScenario(cucumber.api.testng.PickleEventWrapper, cucumber.api.testng.CucumberFeatureWrapper)[pri:0, instance:test.Cucumber.Runner@645aa696]" started-at="2024-03-27T09:48:47Z" name="runScenario" description="Runs Cucumber Scenarios" data-provider="scenarios" finished-at="2024-03-27T09:49:09Z" duration-ms="22453" status="PASS">
          <params>
            <param index="0">
              <value>
                <![CDATA["Success to verify discount coupon in Magento"]]>
              </value>
            </param>
            <param index="1">
              <value>
                <![CDATA["Verify discount coupon feature"]]>
              </value>
            </param>
          </params>
          <reporter-output>
          </reporter-output>
        </test-method> <!-- runScenario -->
        <test-method signature="runScenario(cucumber.api.testng.PickleEventWrapper, cucumber.api.testng.CucumberFeatureWrapper)[pri:0, instance:test.Cucumber.Runner@645aa696]" started-at="2024-03-27T09:49:09Z" name="runScenario" description="Runs Cucumber Scenarios" data-provider="scenarios" finished-at="2024-03-27T09:49:22Z" duration-ms="13003" status="PASS">
          <params>
            <param index="0">
              <value>
                <![CDATA["Failed to verify discount coupon in Magento"]]>
              </value>
            </param>
            <param index="1">
              <value>
                <![CDATA["Verify discount coupon feature"]]>
              </value>
            </param>
          </params>
          <reporter-output>
          </reporter-output>
        </test-method> <!-- runScenario -->
        <test-method is-config="true" signature="tearDownClass()[pri:0, instance:test.Cucumber.Runner@645aa696]" started-at="2024-03-27T09:49:22Z" name="tearDownClass" finished-at="2024-03-27T09:49:22Z" duration-ms="6" status="PASS">
          <reporter-output>
          </reporter-output>
        </test-method> <!-- tearDownClass -->
      </class> <!-- test.Cucumber.Runner -->
    </test> <!-- Default test -->
  </suite> <!-- Default suite -->
</testng-results>
