<?xml version="1.0" encoding="UTF-8"?>
<testng-results ignored="0" total="2" passed="2" failed="0" skipped="0">
  <reporter-output>
  </reporter-output>
  <suite started-at="2024-03-27T08:56:21Z" name="Default suite" finished-at="2024-03-27T08:56:56Z" duration-ms="35286">
    <groups>
      <group name="cucumber">
        <method signature="AbstractTestNGCucumberTests.runScenario(cucumber.api.testng.PickleEventWrapper, cucumber.api.testng.CucumberFeatureWrapper)[pri:0, instance:test.Cucumber.Runner@353352b6]" name="runScenario" class="cucumber.api.testng.AbstractTestNGCucumberTests"/>
      </group> <!-- cucumber -->
    </groups>
    <test started-at="2024-03-27T08:56:21Z" name="Default test" finished-at="2024-03-27T08:56:56Z" duration-ms="35286">
      <class name="test.Cucumber.Runner">
        <test-method is-config="true" signature="setUpClass()[pri:0, instance:test.Cucumber.Runner@353352b6]" started-at="2024-03-27T15:56:21Z" name="setUpClass" finished-at="2024-03-27T15:56:21Z" duration-ms="148" status="PASS">
          <reporter-output>
          </reporter-output>
        </test-method> <!-- setUpClass -->
        <test-method signature="runScenario(cucumber.api.testng.PickleEventWrapper, cucumber.api.testng.CucumberFeatureWrapper)[pri:0, instance:test.Cucumber.Runner@353352b6]" started-at="2024-03-27T15:56:21Z" name="runScenario" description="Runs Cucumber Scenarios" data-provider="scenarios" finished-at="2024-03-27T15:56:38Z" duration-ms="16516" status="PASS">
          <params>
            <param index="0">
              <value>
                <![CDATA["Success to verify cost of product"]]>
              </value>
            </param>
            <param index="1">
              <value>
                <![CDATA["Magento verify you can not add more product in the web"]]>
              </value>
            </param>
          </params>
          <reporter-output>
          </reporter-output>
        </test-method> <!-- runScenario -->
        <test-method signature="runScenario(cucumber.api.testng.PickleEventWrapper, cucumber.api.testng.CucumberFeatureWrapper)[pri:0, instance:test.Cucumber.Runner@353352b6]" started-at="2024-03-27T15:56:38Z" name="runScenario" description="Runs Cucumber Scenarios" data-provider="scenarios" finished-at="2024-03-27T15:56:56Z" duration-ms="18553" status="PASS">
          <params>
            <param index="0">
              <value>
                <![CDATA["Failed to verify cost of product"]]>
              </value>
            </param>
            <param index="1">
              <value>
                <![CDATA["Magento verify you can not add more product in the web"]]>
              </value>
            </param>
          </params>
          <reporter-output>
          </reporter-output>
        </test-method> <!-- runScenario -->
        <test-method is-config="true" signature="tearDownClass()[pri:0, instance:test.Cucumber.Runner@353352b6]" started-at="2024-03-27T15:56:56Z" name="tearDownClass" finished-at="2024-03-27T15:56:56Z" duration-ms="0" status="PASS">
          <reporter-output>
          </reporter-output>
        </test-method> <!-- tearDownClass -->
      </class> <!-- test.Cucumber.Runner -->
    </test> <!-- Default test -->
  </suite> <!-- Default suite -->
</testng-results>
