<?xml version="1.0" encoding="UTF-8"?>
<testng-results ignored="0" total="1" passed="0" failed="1" skipped="0">
  <reporter-output>
  </reporter-output>
  <suite started-at="2024-03-11T15:31:00Z" name="Default suite" finished-at="2024-03-11T15:31:00Z" duration-ms="381">
    <groups>
      <group name="cucumber">
        <method signature="AbstractTestNGCucumberTests.runScenario(cucumber.api.testng.PickleEventWrapper, cucumber.api.testng.CucumberFeatureWrapper)[pri:0, instance:test.Cucumber.RunnerTest2@353352b6]" name="runScenario" class="cucumber.api.testng.AbstractTestNGCucumberTests"/>
      </group> <!-- cucumber -->
    </groups>
    <test started-at="2024-03-11T15:31:00Z" name="Default test" finished-at="2024-03-11T15:31:00Z" duration-ms="381">
      <class name="test.Cucumber.RunnerTest2">
        <test-method is-config="true" signature="setUpClass()[pri:0, instance:test.Cucumber.RunnerTest2@353352b6]" started-at="2024-03-11T22:31:00Z" name="setUpClass" finished-at="2024-03-11T22:31:00Z" duration-ms="157" status="PASS">
          <reporter-output>
          </reporter-output>
        </test-method> <!-- setUpClass -->
        <test-method signature="runScenario(cucumber.api.testng.PickleEventWrapper, cucumber.api.testng.CucumberFeatureWrapper)[pri:0, instance:test.Cucumber.RunnerTest2@353352b6]" started-at="2024-03-11T22:31:00Z" name="runScenario" description="Runs Cucumber Scenarios" data-provider="scenarios" finished-at="2024-03-11T22:31:00Z" duration-ms="141" status="FAIL">
          <params>
            <param index="0">
              <value>
                <![CDATA["Success to verify cost of product"]]>
              </value>
            </param>
            <param index="1">
              <value>
                <![CDATA["Magento verify cost of product in list page and details page"]]>
              </value>
            </param>
          </params>
          <exception class="cucumber.runtime.DuplicateStepDefinitionException">
            <message>
              <![CDATA[Duplicate step definitions in steps.MagentoList.userClickMobileLinkButton() in file:/C:/Users/dell/git/repository9/selenium-guru99-project1/target/test-classes/ and steps.MagentoCost.userClickMobileLinkButton() in file:/C:/Users/dell/git/repository9/selenium-guru99-project1/target/test-classes/]]>
            </message>
            <full-stacktrace>
              <![CDATA[cucumber.runtime.DuplicateStepDefinitionException: Duplicate step definitions in steps.MagentoList.userClickMobileLinkButton() in file:/C:/Users/dell/git/repository9/selenium-guru99-project1/target/test-classes/ and steps.MagentoCost.userClickMobileLinkButton() in file:/C:/Users/dell/git/repository9/selenium-guru99-project1/target/test-classes/
	at cucumber.runner.Glue.addStepDefinition(Glue.java:30)
	at cucumber.runtime.java.JavaBackend.addStepDefinition(JavaBackend.java:142)
	at cucumber.runtime.java.MethodScanner.scan(MethodScanner.java:65)
	at cucumber.runtime.java.MethodScanner.scan(MethodScanner.java:42)
	at cucumber.runtime.java.JavaBackend.loadGlue(JavaBackend.java:82)
	at cucumber.runner.Runner.<init>(Runner.java:28)
	at cucumber.runner.ThreadLocalRunnerSupplier.createRunner(ThreadLocalRunnerSupplier.java:42)
	at cucumber.runner.ThreadLocalRunnerSupplier.access$000(ThreadLocalRunnerSupplier.java:13)
	at cucumber.runner.ThreadLocalRunnerSupplier$1.initialValue(ThreadLocalRunnerSupplier.java:22)
	at cucumber.runner.ThreadLocalRunnerSupplier$1.initialValue(ThreadLocalRunnerSupplier.java:19)
	at java.base/java.lang.ThreadLocal.setInitialValue(ThreadLocal.java:225)
	at java.base/java.lang.ThreadLocal.get(ThreadLocal.java:194)
	at java.base/java.lang.ThreadLocal.get(ThreadLocal.java:172)
	at cucumber.runner.ThreadLocalRunnerSupplier.get(ThreadLocalRunnerSupplier.java:38)
	at cucumber.api.testng.TestNGCucumberRunner.runScenario(TestNGCucumberRunner.java:63)
	at cucumber.api.testng.AbstractTestNGCucumberTests.runScenario(AbstractTestNGCucumberTests.java:22)
	at java.base/jdk.internal.reflect.DirectMethodHandleAccessor.invoke(DirectMethodHandleAccessor.java:103)
	at java.base/java.lang.reflect.Method.invoke(Method.java:580)
	at org.testng.internal.MethodInvocationHelper.invokeMethod(MethodInvocationHelper.java:108)
	at org.testng.internal.Invoker.invokeMethod(Invoker.java:661)
	at org.testng.internal.Invoker.invokeTestMethod(Invoker.java:869)
	at org.testng.internal.Invoker.invokeTestMethods(Invoker.java:1193)
	at org.testng.internal.TestMethodWorker.invokeTestMethods(TestMethodWorker.java:126)
	at org.testng.internal.TestMethodWorker.run(TestMethodWorker.java:109)
	at org.testng.TestRunner.privateRun(TestRunner.java:744)
	at org.testng.TestRunner.run(TestRunner.java:602)
	at org.testng.SuiteRunner.runTest(SuiteRunner.java:380)
	at org.testng.SuiteRunner.runSequentially(SuiteRunner.java:375)
	at org.testng.SuiteRunner.privateRun(SuiteRunner.java:340)
	at org.testng.SuiteRunner.run(SuiteRunner.java:289)
	at org.testng.SuiteRunnerWorker.runSuite(SuiteRunnerWorker.java:52)
	at org.testng.SuiteRunnerWorker.run(SuiteRunnerWorker.java:86)
	at org.testng.TestNG.runSuitesSequentially(TestNG.java:1301)
	at org.testng.TestNG.runSuitesLocally(TestNG.java:1226)
	at org.testng.TestNG.runSuites(TestNG.java:1144)
	at org.testng.TestNG.run(TestNG.java:1115)
	at org.testng.remote.AbstractRemoteTestNG.run(AbstractRemoteTestNG.java:115)
	at org.testng.remote.RemoteTestNG.initAndRun(RemoteTestNG.java:251)
	at org.testng.remote.RemoteTestNG.main(RemoteTestNG.java:77)
]]>
            </full-stacktrace>
          </exception> <!-- cucumber.runtime.DuplicateStepDefinitionException -->
          <reporter-output>
          </reporter-output>
        </test-method> <!-- runScenario -->
        <test-method is-config="true" signature="tearDownClass()[pri:0, instance:test.Cucumber.RunnerTest2@353352b6]" started-at="2024-03-11T22:31:00Z" name="tearDownClass" finished-at="2024-03-11T22:31:00Z" duration-ms="5" status="PASS">
          <reporter-output>
          </reporter-output>
        </test-method> <!-- tearDownClass -->
      </class> <!-- test.Cucumber.RunnerTest2 -->
    </test> <!-- Default test -->
  </suite> <!-- Default suite -->
</testng-results>
