<?xml version="1.0" encoding="UTF-8"?>
<!-- Generated by org.testng.reporters.JUnitXMLReporter -->
<testsuite ignored="0" hostname="DESKTOP-IB1ME6F" failures="0" tests="2" name="Default test" time="35.947" errors="0" timestamp="27 Mar 2024 02:49:23 GMT">
  <testcase classname="cucumber.api.testng.AbstractTestNGCucumberTests" name="runScenario" time="22.453"/>
  <testcase classname="cucumber.api.testng.AbstractTestNGCucumberTests" name="runScenario" time="13.003"/>
</testsuite> <!-- Default test -->
